make all --print-data-base --no-builtin-variables --no-builtin-rules --question
make: *** No rule to make target 'all'.  Stop.

# GNU Make 4.3
# Built for x86_64-apple-darwin19.6.0
# Copyright (C) 1988-2020 Free Software Foundation, Inc.
# License GPLv3+: GNU GPL version 3 or later <http://gnu.org/licenses/gpl.html>
# This is free software: you are free to change and redistribute it.
# There is NO WARRANTY, to the extent permitted by law.

# Make data base, printed on Fri Jun 24 22:08:33 2022

# Variables

# environment
LC_ALL = C
# environment
TMPDIR = /var/folders/z6/thyj55pn00376wqy9kw09cvc0000gn/T/
# environment
XPC_SERVICE_NAME = application.com.microsoft.VSCode.97720545.97720551
# environment
VSCODE_IPC_HOOK_EXTHOST = /var/folders/z6/thyj55pn00376wqy9kw09cvc0000gn/T/vscode-ipc-a07c7b9d-d5bf-47d0-bb4a-b882c5d1214f.sock
# environment
VSCODE_CWD = /
# default
MAKE_COMMAND := make
# environment
GOPATH = /Users/jessetuglu/.lang_support/go
# environment
__CFBundleIdentifier = com.microsoft.VSCode
# automatic
@D = $(patsubst %/,%,$(dir $@))
# environment
VSCODE_HANDLES_UNCAUGHT_ERRORS = true
# default
.VARIABLES := 
# environment
COMMAND_MODE = unix2003
# environment
PWD = /Users/jessetuglu/programming/personal/projects/bill_app
# automatic
 
%D = $(patsubst %/,%,$(dir $%))
# environment
LSCOLORS = Gxfxcxdxbxegedabagacad
# automatic
^D = $(patsubst %/,%,$(dir $^))
# environment
VSCODE_LOG_STACK = false
# automatic
%F = $(notdir $%)
# environment
CONDA_PROMPT_MODIFIER = (base) 
# environment
VSCODE_CODE_CACHE_PATH = /Users/jessetuglu/Library/Application Support/Code/CachedData/30d9c6cd9483b2cc586687151bcbcd635f373630
# environment
LANG = C
# default
.LOADED := 
# default
.INCLUDE_DIRS = /usr/local/Cellar/make/4.3/include /usr/local/include
# environment
__CF_USER_TEXT_ENCODING = 0x1F5:0x0:0x0
# makefile
MAKEFLAGS = pqrR
# makefile
CURDIR := /Users/jessetuglu/programming/personal/projects/bill_app
# environment
VSCODE_PIPE_LOGGING = true
# environment
APPLICATION_INSIGHTS_NO_DIAGNOSTIC_CHANNEL = 1
# automatic
*D = $(patsubst %/,%,$(dir $*))
# environment
MFLAGS = -pqrR
# environment
SSH_AUTH_SOCK = /private/tmp/com.apple.launchd.ZPiGJYLZhn/Listeners
# default
.SHELLFLAGS := -c
# automatic
+D = $(patsubst %/,%,$(dir $+))
# makefile (from 'Makefile', line 1)
MAKEFILE_LIST := Makefile
# environment
CONDA_SHLVL = 1
# automatic
@F = $(notdir $@)
# environment
ZSH = /Users/jessetuglu/.oh-my-zsh
# environment
VSCODE_VERBOSE_LOGGING = true
# environment
VSCODE_PID = 2069
# automatic
?D = $(patsubst %/,%,$(dir $?))
# environment
CONDA_PYTHON_EXE = /Users/jessetuglu/.lang_config/python/anaconda3/bin/python
# automatic
*F = $(notdir $*)
# automatic
<D = $(patsubst %/,%,$(dir $<))
# environment
VSCODE_NLS_CONFIG = {"locale":"en","availableLanguages":{},"_languagePackSupport":true}
# default
MAKE_HOST := x86_64-apple-darwin19.6.0
# environment
CONDA_PREFIX = /Users/jessetuglu/.lang_config/python/anaconda3
# makefile
SHELL = /bin/sh
# environment
CLASSPATH = :/Users/jessetuglu/algs4/algs4.jar
# default
MAKECMDGOALS := all
# environment
SHLVL = 1
# environment
RBENV_ROOT = /Users/jessetuglu/.lang_config/ruby/.rbenv
# environment
MAKELEVEL := 0
# default
MAKE = $(MAKE_COMMAND)
# environment
PATH = /Users/jessetuglu/.lang_config/python/anaconda3/bin:/Users/jessetuglu/.lang_config/python/anaconda3/condabin:/usr/local/opt/make/libexec/gnubin:/usr/local/Caskroom/google-cloud-sdk/latest/google-cloud-sdk/bin:/Users/jessetuglu/.lang_support/go/bin:/Users/jessetuglu/.lang_config/ruby/.rbenv/shims:/Users/jessetuglu/.lang_config/ruby/.rbenv/bin:/opt/local/bin:/opt/local/sbin:/usr/local/bin:/usr/bin:/bin:/usr/sbin:/sbin:/Library/TeX/texbin:/usr/local/go/bin:/opt/X11/bin:/Library/Apple/usr/bin
# default
MAKEFILES := 
# automatic
^F = $(notdir $^)
# environment
VSCODE_LOG_NATIVE = false
# automatic
?F = $(notdir $?)
# automatic
+F = $(notdir $+)
# environment
LESS = -R
# environment
ORIGINAL_XDG_CURRENT_DESKTOP = undefined
# 'override' directive
GNUMAKEFLAGS := 
# environment
CONDA_DEFAULT_ENV = base
# environment
LOGNAME = jessetuglu
# environment
XPC_FLAGS = 0x0
# makefile
.DEFAULT_GOAL := dev
# environment
EDITOR = nvim
# environment
DISPLAY = /private/tmp/com.apple.launchd.QF4VYTDkjL/org.xquartz:0
# environment
USER = jessetuglu
# default
MAKE_VERSION := 4.3
# environment
PAGER = less
# environment
_ = /usr/local/opt/make/libexec/gnubin/make
# environment
_CE_M = 
# environment
GOMODCACHE = /Users/jessetuglu/.lang_support/go/pkg/mod
# environment
VSCODE_AMD_ENTRYPOINT = vs/workbench/api/node/extensionHostProcess
# environment
HOME = /Users/jessetuglu
# environment
ELECTRON_RUN_AS_NODE = 1
# environment
VSCODE_IPC_HOOK = /Users/jessetuglu/Library/Application Support/Code/1.68.1-main.sock
# environment
GOPROXY = https://proxy.golang.org,direct
# default
.RECIPEPREFIX := 
# automatic
<F = $(notdir $<)
# default
SUFFIXES := 
# environment
RBENV_SHELL = zsh
# default
.FEATURES := target-specific order-only second-expansion else-if shortest-stem undefine oneshell nocomment grouped-target extra-prereqs archives jobserver output-sync check-symlink load
# environment
CONDA_EXE = /Users/jessetuglu/.lang_config/python/anaconda3/bin/conda
# environment
_CE_CONDA = 
# variable set hash-table stats:
# Load=86/1024=8%, Rehash=0, Collisions=5/114=4%

# Pattern-specific Variable Values

# No pattern-specific variable values.

# Directories

# . (device 16777220, inode 98096582): 9 files, no impossibilities.

# 9 files, no impossibilities in 1 directories.

# Implicit Rules

# No implicit rules.

# Files

# Not a target:
Makefile:
#  Implicit rule search has been done.
#  Last modified 2022-06-24 22:08:28.104194086
#  File has been updated.
#  Successfully updated.

# Not a target:
.DEFAULT:
#  Implicit rule search has not been done.
#  Modification time never checked.
#  File has not been updated.

dev:
#  Implicit rule search has not been done.
#  Modification time never checked.
#  File has not been updated.
#  recipe to execute (from 'Makefile', line 2):
	

# Not a target:
all:
#  Command line target.
#  Implicit rule search has been done.
#  File does not exist.
#  File has not been updated.

# files hash-table stats:
# Load=5/1024=0%, Rehash=0, Collisions=0/15=0%
# VPATH Search Paths

# No 'vpath' search paths.

# No general ('VPATH' variable) search path.

# strcache buffers: 1 (0) / strings = 15 / storage = 143 B / avg = 9 B
# current buf: size = 8162 B / used = 143 B / count = 15 / avg = 9 B

# strcache performance: lookups = 19 / hit rate = 21%
# hash-table stats:
# Load=15/8192=0%, Rehash=0, Collisions=0/19=0%
# Finished Make data base on Fri Jun 24 22:08:33 2022

 
